-------------------------------------------------------------------------------
Test set: com.evoting.VoterTest.VoterControllerTest
-------------------------------------------------------------------------------
<<<<<<< HEAD
Tests run: 1, Failures: 0, Errors: 0, Skipped: 0, Time elapsed: 0.07 sec - in com.evoting.VoterTest.VoterControllerTest
=======
<<<<<<< HEAD
Tests run: 1, Failures: 0, Errors: 0, Skipped: 0, Time elapsed: 0.354 sec - in com.evoting.VoterTest.VoterControllerTest
=======
<<<<<<< HEAD
Tests run: 1, Failures: 0, Errors: 0, Skipped: 0, Time elapsed: 0.075 sec - in com.evoting.VoterTest.VoterControllerTest
=======
<<<<<<< HEAD:ServerSide/webservice/target/surefire-reports/com.evoting.VoterControllerTest.txt
Tests run: 1, Failures: 0, Errors: 0, Skipped: 0, Time elapsed: 21.884 sec - in com.evoting.VoterControllerTest
=======
Tests run: 1, Failures: 0, Errors: 0, Skipped: 0, Time elapsed: 0.077 sec - in com.evoting.VoterTest.VoterControllerTest
>>>>>>> 01de0846c867df934dc7217757f7e742b7350dfc:ServerSide/webservice/target/surefire-reports/com.evoting.VoterTest.VoterControllerTest.txt
>>>>>>> 4c6ed5da2b2eb5f0cf789e81364000838f5d444b
>>>>>>> e5d79075944d184b4ca2a67842142c0cfa2d0fe3
>>>>>>> 01ba23b25d268e36dd5097b4f7b5bb188d6c2058
