-------------------------------------------------------------------------------
Test set: com.evoting.WebServiceTest.WebServiceApplicationTest
-------------------------------------------------------------------------------
<<<<<<< HEAD
Tests run: 1, Failures: 0, Errors: 0, Skipped: 0, Time elapsed: 0.051 sec - in com.evoting.WebServiceTest.WebServiceApplicationTest
=======
<<<<<<< HEAD
Tests run: 1, Failures: 0, Errors: 0, Skipped: 0, Time elapsed: 0.008 sec - in com.evoting.WebServiceTest.WebServiceApplicationTest
=======
<<<<<<< HEAD
Tests run: 1, Failures: 0, Errors: 0, Skipped: 0, Time elapsed: 0.032 sec - in com.evoting.WebServiceTest.WebServiceApplicationTest
=======
Tests run: 1, Failures: 0, Errors: 0, Skipped: 0, Time elapsed: 0.01 sec - in com.evoting.WebServiceTest.WebServiceApplicationTest
>>>>>>> 2a582e0fd17f411b9516d9d2aa63c8e8c8821a4b
>>>>>>> 63c10b69fb5e7c85540acb88681dbe9770d625e9
>>>>>>> 129c8bc0a532bfbfe5a18195f2240559733331d3
